2018-02-03 17:48:26 [init params is error!]
2018-02-03 17:48:26 [ listening... ]
2018-02-03 17:49:54 [init params is error!]
2018-02-03 17:49:54 [ listening... ]
2018-02-03 17:50:15 [--init params is error!]
2018-02-03 17:50:15 [ listening... ]
2018-02-03 17:51:11 [--init params is error!]
2018-02-03 17:52:35 [true]
2018-02-03 17:52:35 [true]
2018-02-03 17:52:35 [true]
2018-02-03 17:52:35 [false]
2018-02-03 17:52:35 [false]
2018-02-03 17:52:35 [true]
2018-02-03 17:52:35 [true]
2018-02-03 17:52:35 [true]
2018-02-03 17:52:35 [---init params is error!---]
2018-02-03 17:53:49 [true]
2018-02-03 17:53:49 [true]
2018-02-03 17:53:49 [true]
2018-02-03 17:53:49 [true]
2018-02-03 17:53:49 [true]
2018-02-03 17:53:49 [true]
2018-02-03 17:53:49 [true]
2018-02-03 17:53:49 [true]
2018-02-03 17:53:49 [--------connector init ---------------]
2018-02-03 17:53:49 [logPath = D:/work_note/htmlToImg/sheng_chan/log.log]
2018-02-03 17:53:49 [viewWidth = 800]
2018-02-03 17:53:49 [viewHeight = 600]
2018-02-03 17:53:49 [ps_top = 0]
2018-02-03 17:53:49 [ps_left = 0]
2018-02-03 17:53:49 [ps_width = 800]
2018-02-03 17:53:49 [ps_height = 600]
2018-02-03 17:53:49 [waitTime = 1000]
2018-02-03 17:56:43 [true]
2018-02-03 17:56:43 [true]
2018-02-03 17:56:43 [true]
2018-02-03 17:56:43 [true]
2018-02-03 17:56:43 [true]
2018-02-03 17:56:43 [true]
2018-02-03 17:56:43 [true]
2018-02-03 17:56:43 [true]
2018-02-03 17:56:43 [--------connector init ---------------]
2018-02-03 17:56:43 [logPath = D:/work_note/htmlToImg/sheng_chan/log.log]
2018-02-03 17:56:43 [viewWidth = 800]
2018-02-03 17:56:43 [viewHeight = 600]
2018-02-03 17:56:43 [ps_top = 0]
2018-02-03 17:56:43 [ps_left = 0]
2018-02-03 17:56:43 [ps_width = 800]
2018-02-03 17:56:43 [ps_height = 600]
2018-02-03 17:56:43 [waitTime = 1000]
2018-02-03 17:56:43 [ listening... ]
2018-02-03 17:56:54 [ listen data {'url':'http://www.baidu.com','savePath':'test.png'}]
2018-02-03 17:56:54 [ listen data.. {'url':'http://www.baidu.com','savePath':'test.png'}]
2018-02-03 17:56:54 [json url = http://www.baidu.com]
2018-02-03 17:56:54 [json savePath = test.png]
2018-02-03 17:56:55 [ page request ]
2018-02-03 17:56:56 [ page success ]
2018-02-03 17:56:56 [ listening... ]
2018-02-03 17:57:13 [ listen data {'url':'http://www.baidu.com','savePath':'test01.png'}]
2018-02-03 17:57:13 [ listen data.. {'url':'http://www.baidu.com','savePath':'test01.png'}]
2018-02-03 17:57:13 [json url = http://www.baidu.com]
2018-02-03 17:57:13 [json savePath = test01.png]
2018-02-03 17:57:13 [ page request ]
2018-02-03 17:57:14 [ page success ]
2018-02-03 17:57:14 [ listening... ]
2018-02-03 17:58:14 [true]
2018-02-03 17:58:14 [true]
2018-02-03 17:58:14 [true]
2018-02-03 17:58:14 [true]
2018-02-03 17:58:14 [true]
2018-02-03 17:58:14 [true]
2018-02-03 17:58:14 [true]
2018-02-03 17:58:14 [true]
2018-02-03 17:58:14 [--------connector init ---------------]
2018-02-03 17:58:14 [logPath = D:/work_note/htmlToImg/sheng_chan/log.log]
2018-02-03 17:58:14 [viewWidth = 800]
2018-02-03 17:58:14 [viewHeight = 600]
2018-02-03 17:58:14 [ps_top = 0]
2018-02-03 17:58:14 [ps_left = 0]
2018-02-03 17:58:14 [ps_width = 800]
2018-02-03 17:58:14 [ps_height = 600]
2018-02-03 17:58:14 [waitTime = 1000]
2018-02-03 17:58:14 [ listening... ]
2018-02-03 17:58:16 [ listen data 123]
2018-02-03 17:58:16 [ listen data 123 is not json type]
2018-02-03 17:58:16 [ listen data.. 123]
2018-02-03 17:58:16 [html params is error! 123]
2018-02-03 17:58:16 [json url = undefined]
2018-02-03 17:58:16 [json savePath = undefined]
2018-02-03 17:58:16 [ page fail ]
2018-02-03 17:58:17 [ listening... ]
2018-02-03 18:04:19 [true]
2018-02-03 18:04:19 [true]
2018-02-03 18:04:19 [true]
2018-02-03 18:04:19 [true]
2018-02-03 18:04:19 [true]
2018-02-03 18:04:19 [true]
2018-02-03 18:04:19 [true]
2018-02-03 18:04:19 [true]
2018-02-03 18:04:19 [--------connector init ---------------]
2018-02-03 18:04:19 [logPath = D:/work_note/htmlToImg/sheng_chan/log.log]
2018-02-03 18:04:19 [viewWidth = 800]
2018-02-03 18:04:19 [viewHeight = 600]
2018-02-03 18:04:19 [ps_top = 0]
2018-02-03 18:04:19 [ps_left = 0]
2018-02-03 18:04:19 [ps_width = 800]
2018-02-03 18:04:19 [ps_height = 600]
2018-02-03 18:04:19 [waitTime = 1000]
2018-02-03 18:04:19 [ listening... ]
2018-02-03 18:04:34 [ listen data {'url':'http://www.baidu.com','savePath':'test02.png'}]
2018-02-03 18:04:34 [json url = http://www.baidu.com]
2018-02-03 18:04:34 [json savePath = test02.png]
2018-02-03 18:04:34 [ page request ]
2018-02-03 18:04:35 [ page success ]
2018-02-03 18:04:35 [ listening... ]
2018-02-03 18:05:29 [true]
2018-02-03 18:05:29 [true]
2018-02-03 18:05:29 [true]
2018-02-03 18:05:29 [true]
2018-02-03 18:05:29 [true]
2018-02-03 18:05:29 [true]
2018-02-03 18:05:29 [true]
2018-02-03 18:05:29 [true]
2018-02-03 18:05:29 [--------connector init ---------------]
2018-02-03 18:05:29 [logPath = D:/work_note/htmlToImg/sheng_chan/log.log]
2018-02-03 18:05:29 [viewWidth = 800]
2018-02-03 18:05:29 [viewHeight = 600]
2018-02-03 18:05:29 [ps_top = 0]
2018-02-03 18:05:29 [ps_left = 0]
2018-02-03 18:05:29 [ps_width = 800]
2018-02-03 18:05:29 [ps_height = 600]
2018-02-03 18:05:29 [waitTime = 1000]
2018-02-03 18:05:29 [ listening... ]
2018-02-03 18:05:29 [ listen data "{'key':'001','result':'','savePath':'test.png','url':'http://www.baidu.com'}"]
2018-02-03 18:05:29 [json url = undefined]
2018-02-03 18:05:29 [json savePath = undefined]
2018-02-03 18:05:29 [ page fail ]
2018-02-03 18:10:16 [true]
2018-02-03 18:10:16 [true]
2018-02-03 18:10:16 [true]
2018-02-03 18:10:16 [true]
2018-02-03 18:10:16 [true]
2018-02-03 18:10:16 [true]
2018-02-03 18:10:16 [true]
2018-02-03 18:10:16 [true]
2018-02-03 18:10:16 [--------connector init ---------------]
2018-02-03 18:10:16 [logPath = D:/work_note/htmlToImg/sheng_chan/log.log]
2018-02-03 18:10:16 [viewWidth = 800]
2018-02-03 18:10:16 [viewHeight = 600]
2018-02-03 18:10:16 [ps_top = 0]
2018-02-03 18:10:16 [ps_left = 0]
2018-02-03 18:10:16 [ps_width = 800]
2018-02-03 18:10:16 [ps_height = 600]
2018-02-03 18:10:16 [waitTime = 1000]
2018-02-03 18:10:16 [ listening... ]
2018-02-03 18:10:16 [ listen data "{'key':'001','result':'','savePath':'test.png','url':'http://www.baidu.com'}"]
2018-02-03 18:10:16 [json url = undefined]
2018-02-03 18:10:16 [json savePath = undefined]
2018-02-03 18:10:16 [ page fail ]
